<testsuites name="jest tests" tests="6" failures="0" time="6.311">
  <testsuite name="genesys-button" errors="0" failures="0" skipped="0" timestamp="2018-10-30T15:31:28" time="3.936" tests="4">
    <testcase classname="genesys-button builds" name="genesys-button builds" time="0.003">
    </testcase>
    <testcase classname="genesys-button getAccent returns secondary string for no accent defined" name="genesys-button getAccent returns secondary string for no accent defined" time="0.001">
    </testcase>
    <testcase classname="genesys-button getAccent returns primary if accent equals to primary" name="genesys-button getAccent returns primary if accent equals to primary" time="0">
    </testcase>
    <testcase classname="genesys-button getAccent returns secondary string for other accents defined" name="genesys-button getAccent returns secondary string for other accents defined" time="0">
    </testcase>
  </testsuite>
  <testsuite name="genesys-toggle" errors="0" failures="0" skipped="0" timestamp="2018-10-30T15:31:28" time="3.951" tests="1">
    <testcase classname="genesys-toggle builds" name="genesys-toggle builds" time="0.003">
    </testcase>
  </testsuite>
  <testsuite name="genesys-text-field" errors="0" failures="0" skipped="0" timestamp="2018-10-30T15:31:28" time="4.028" tests="1">
    <testcase classname="genesys-text-field builds" name="genesys-text-field builds" time="0.003">
    </testcase>
  </testsuite>
</testsuites>